<?xml version="1.0" encoding="UTF-8"?>
<!-- Generated by org.testng.reporters.JUnitXMLReporter -->
<testsuite hostname="BLRL0000013672" ignored="0" name="Default test" tests="10" failures="0" timestamp="2021-12-01T20:56:29 IST" time="22.247" errors="0">
  <testcase name="logintest" time="3.503" classname="TestNG.DataProvider_Example"/>
  <testcase name="logintest" time="1.036" classname="TestNG.DataProvider_Example"/>
  <testcase name="logintest" time="1.362" classname="TestNG.DataProvider_Example"/>
  <testcase name="logintest" time="0.967" classname="TestNG.DataProvider_Example"/>
  <testcase name="logintest" time="0.964" classname="TestNG.DataProvider_Example"/>
  <testcase name="logintest" time="0.944" classname="TestNG.DataProvider_Example"/>
  <testcase name="logintest" time="1.218" classname="TestNG.DataProvider_Example"/>
  <testcase name="logintest" time="1.119" classname="TestNG.DataProvider_Example"/>
  <testcase name="logintest" time="1.085" classname="TestNG.DataProvider_Example"/>
  <testcase name="logintest" time="1.076" classname="TestNG.DataProvider_Example"/>
</testsuite> <!-- Default test -->
